<?xml version="1.0" encoding="UTF-8"?>
<testsuite name="SILab2Test" tests="1" skipped="0" failures="0" errors="0" timestamp="2025-05-16T18:44:03" hostname="DESKTOP-26A9125" time="0.026">
  <properties/>
  <testcase name="everyStatementTest()" classname="SILab2Test" time="0.026"/>
  <system-out><![CDATA[]]></system-out>
  <system-err><![CDATA[]]></system-err>
</testsuite>
